<?xml version="1.0" encoding="UTF-8"?>
<!-- Generated by org.testng.reporters.JUnitReportReporter -->
<testsuite hostname="DESKTOP-QL6P0U2" failures="0" tests="1" name="testNG.SampleTestCase" time="0.028" errors="0" timestamp="06 Mar 2024 11:08:34 GMT" skipped="0">
  <testcase classname="testNG.SampleTestCase" name="firstTestCase" time="0.028"/>
</testsuite> <!-- testNG.SampleTestCase -->
