<?xml version="1.0" encoding="UTF-8"?>
<!-- Generated by org.testng.reporters.JUnitReportReporter -->
<testsuite hostname="DESKTOP-QL6P0U2" failures="0" tests="3" name="testNG.ParallelTesting" time="21.984" errors="0" timestamp="07 Mar 2024 15:09:02 GMT" skipped="0">
  <testcase classname="testNG.ParallelTesting" name="openGoogle" time="3.636"/>
  <testcase classname="testNG.ParallelTesting" name="openBing" time="4.611"/>
  <testcase classname="testNG.ParallelTesting" name="openYahoo" time="13.737"/>
</testsuite> <!-- testNG.ParallelTesting -->
