<?xml version="1.0" encoding="UTF-8"?>
<!-- Generated by org.testng.reporters.JUnitReportReporter -->
<testsuite hostname="DESKTOP-QL6P0U2" failures="0" tests="10" name="testNG.GroupingExample" time="0.076" errors="0" timestamp="2024-05-30T12:15:52 IST" skipped="0">
  <testcase classname="testNG.GroupingExample" name="apple2" time="0.005"/>
  <testcase classname="testNG.GroupingExample" name="onePlus2" time="0.006"/>
  <testcase classname="testNG.GroupingExample" name="vivo1" time="0.006"/>
  <testcase classname="testNG.GroupingExample" name="onePlus1" time="0.007"/>
  <testcase classname="testNG.GroupingExample" name="moto2" time="0.009"/>
  <testcase classname="testNG.GroupingExample" name="apple1" time="0.021"/>
  <testcase classname="testNG.GroupingExample" name="lenovo2" time="0.004"/>
  <testcase classname="testNG.GroupingExample" name="vivo2" time="0.002"/>
  <testcase classname="testNG.GroupingExample" name="lenovo1" time="0.010"/>
  <testcase classname="testNG.GroupingExample" name="moto1" time="0.006"/>
</testsuite> <!-- testNG.GroupingExample -->
