<?xml version="1.0" encoding="UTF-8"?>
<!-- Generated by org.testng.reporters.JUnitReportReporter -->
<testsuite hostname="DESKTOP-QL6P0U2" failures="0" tests="3" name="testNG.SuiteExample" time="19.243" errors="0" timestamp="06 Mar 2024 14:16:54 GMT" skipped="0">
  <testcase classname="testNG.SuiteExample" name="openGoogle" time="1.904"/>
  <testcase classname="testNG.SuiteExample" name="openBing" time="0.779"/>
  <testcase classname="testNG.SuiteExample" name="openYahoo" time="16.560"/>
</testsuite> <!-- testNG.SuiteExample -->
