<?xml version="1.0" encoding="UTF-8"?>
<!-- Generated by org.testng.reporters.JUnitReportReporter -->
<testsuite hostname="DESKTOP-QL6P0U2" failures="0" tests="3" name="testNG.DependanciesManagement" time="0.023" errors="0" timestamp="2024-04-04T09:15:45 IST" skipped="1">
  <testcase classname="testNG.DependanciesManagement" name="tenthStandard" time="0.016"/>
  <testcase classname="testNG.DependanciesManagement" name="engineering" time="0.007"/>
  <testcase classname="testNG.DependanciesManagement" name="twelfthStandard">
    <skipped/>
  </testcase> <!-- twelfthStandard -->
</testsuite> <!-- testNG.DependanciesManagement -->
