<?xml version="1.0" encoding="UTF-8"?>
<!-- Generated by org.testng.reporters.JUnitReportReporter -->
<testsuite hostname="DESKTOP-QL6P0U2" failures="0" tests="5" name="testNG.DriveACar" time="0.034" errors="0" timestamp="09 Nov 2023 12:20:32 GMT" skipped="0">
  <testcase classname="testNG.DriveACar" name="startTheCar" time="0.023"/>
  <testcase classname="testNG.DriveACar" name="putFirstGear" time="0.002"/>
  <testcase classname="testNG.DriveACar" name="putSecondGear" time="0.004"/>
  <testcase classname="testNG.DriveACar" name="putThirdGear" time="0.003"/>
  <testcase classname="testNG.DriveACar" name="putFourthGear" time="0.002"/>
</testsuite> <!-- testNG.DriveACar -->
