<?xml version="1.0" encoding="UTF-8"?>
<!-- Generated by org.testng.reporters.JUnitReportReporter -->
<testsuite hostname="DESKTOP-QL6P0U2" failures="0" tests="1" name="testNG.Test" time="0.022" errors="0" timestamp="05 Mar 2024 15:09:13 GMT" skipped="0">
  <testcase classname="testNG.Test" name="test" time="0.022"/>
</testsuite> <!-- testNG.Test -->
