<?xml version="1.0" encoding="UTF-8"?>
<!-- Generated by org.testng.reporters.JUnitReportReporter -->
<testsuite hostname="DESKTOP-QL6P0U2" failures="0" tests="3" name="extentReportExamples.ExtentReportExample" time="2.922" errors="0" timestamp="15 Mar 2024 13:40:06 GMT" skipped="0">
  <testcase classname="extentReportExamples.ExtentReportExample" name="openWikipedia" time="0.698"/>
  <testcase classname="extentReportExamples.ExtentReportExample" name="openBing" time="0.578"/>
  <testcase classname="extentReportExamples.ExtentReportExample" name="openGoogle" time="1.646"/>
</testsuite> <!-- extentReportExamples.ExtentReportExample -->
